<?xml version="1.0" encoding="UTF-8"?>
<testng-results ignored="0" total="1" passed="1" failed="0" skipped="0">
  <reporter-output>
  </reporter-output>
  <suite started-at="2024-08-30T10:05:32 IST" name="Suite" finished-at="2024-08-30T10:05:52 IST" duration-ms="19306">
    <groups>
    </groups>
    <test started-at="2024-08-30T10:05:32 IST" name="Test" finished-at="2024-08-30T10:05:52 IST" duration-ms="19306">
      <class name="TestPkg.LoginTest">
        <test-method is-config="true" signature="setUp()[pri:0, instance:TestPkg.LoginTest@196a42c3]" started-at="2024-08-30T10:05:32 IST" name="setUp" finished-at="2024-08-30T10:05:44 IST" duration-ms="11587" status="PASS">
          <reporter-output>
          </reporter-output>
        </test-method> <!-- setUp -->
        <test-method signature="SwagLoginTest()[pri:0, instance:TestPkg.LoginTest@196a42c3]" started-at="2024-08-30T10:05:44 IST" name="SwagLoginTest" finished-at="2024-08-30T10:05:52 IST" duration-ms="7618" status="PASS">
          <reporter-output>
          </reporter-output>
        </test-method> <!-- SwagLoginTest -->
      </class> <!-- TestPkg.LoginTest -->
    </test> <!-- Test -->
  </suite> <!-- Suite -->
</testng-results>
